Building DAG of jobs...
Using shell: /usr/bin/bash
Provided cores: 1 (use --cores to define parallelism)
Rules claiming more threads will be scaled down.
Singularity containers: ignored
Job stats:
job          count
---------  -------
all              1
anti_join        1
total            2

Select jobs to execute...

[Thu Dec  4 08:47:14 2025]
rule anti_join:
    input: input/mass_spec_results.csv, input/sample_metadata.csv
    output: output/anti1.csv, output/anti2.csv, output/anti3.csv
    jobid: 1
    reason: Missing output files: output/anti3.csv, output/anti1.csv, output/anti2.csv
    resources: tmpdir=/tmp

[Thu Dec  4 08:47:17 2025]
Finished job 1.
1 of 2 steps (50%) done
Select jobs to execute...

[Thu Dec  4 08:47:17 2025]
localrule all:
    input: output/anti1.csv, output/anti2.csv, output/anti3.csv
    jobid: 0
    reason: Input files updated by another job: output/anti1.csv, output/anti2.csv, output/anti3.csv
    resources: tmpdir=/tmp

[Thu Dec  4 08:47:17 2025]
Finished job 0.
2 of 2 steps (100%) done
Complete log: .snakemake/log/2025-12-04T084714.538822.snakemake.log
